[ERROR] Error: secret option required for sessions
    at session (D:\E-commerce\node_modules\express-session\index.js:204:12)
    at Layer.handle [as handle_request] (D:\E-commerce\node_modules\express\lib\router\layer.js:95:5)
    at trim_prefix (D:\E-commerce\node_modules\express\lib\router\index.js:328:13)
    at D:\E-commerce\node_modules\express\lib\router\index.js:286:9
    at Function.process_params (D:\E-commerce\node_modules\express\lib\router\index.js:346:12)
    at next (D:\E-commerce\node_modules\express\lib\router\index.js:280:10)
    at cors (D:\E-commerce\node_modules\cors\lib\index.js:188:7)
    at D:\E-commerce\node_modules\cors\lib\index.js:224:17
    at originCallback (D:\E-commerce\node_modules\cors\lib\index.js:214:15)
    at D:\E-commerce\node_modules\cors\lib\index.js:219:13
[ERROR] Error: secret option required for sessions
    at session (D:\E-commerce\node_modules\express-session\index.js:204:12)
    at Layer.handle [as handle_request] (D:\E-commerce\node_modules\express\lib\router\layer.js:95:5)
    at trim_prefix (D:\E-commerce\node_modules\express\lib\router\index.js:328:13)
    at D:\E-commerce\node_modules\express\lib\router\index.js:286:9
    at Function.process_params (D:\E-commerce\node_modules\express\lib\router\index.js:346:12)
    at next (D:\E-commerce\node_modules\express\lib\router\index.js:280:10)
    at cors (D:\E-commerce\node_modules\cors\lib\index.js:188:7)
    at D:\E-commerce\node_modules\cors\lib\index.js:224:17
    at originCallback (D:\E-commerce\node_modules\cors\lib\index.js:214:15)
    at D:\E-commerce\node_modules\cors\lib\index.js:219:13
[ERROR] Error: secret option required for sessions
    at session (D:\E-commerce\node_modules\express-session\index.js:204:12)
    at Layer.handle [as handle_request] (D:\E-commerce\node_modules\express\lib\router\layer.js:95:5)
    at trim_prefix (D:\E-commerce\node_modules\express\lib\router\index.js:328:13)
    at D:\E-commerce\node_modules\express\lib\router\index.js:286:9
    at Function.process_params (D:\E-commerce\node_modules\express\lib\router\index.js:346:12)
    at next (D:\E-commerce\node_modules\express\lib\router\index.js:280:10)
    at cors (D:\E-commerce\node_modules\cors\lib\index.js:188:7)
    at D:\E-commerce\node_modules\cors\lib\index.js:224:17
    at originCallback (D:\E-commerce\node_modules\cors\lib\index.js:214:15)
    at D:\E-commerce\node_modules\cors\lib\index.js:219:13
[ERROR] Error: secret option required for sessions
    at session (D:\E-commerce\node_modules\express-session\index.js:204:12)
    at Layer.handle [as handle_request] (D:\E-commerce\node_modules\express\lib\router\layer.js:95:5)
    at trim_prefix (D:\E-commerce\node_modules\express\lib\router\index.js:328:13)
    at D:\E-commerce\node_modules\express\lib\router\index.js:286:9
    at Function.process_params (D:\E-commerce\node_modules\express\lib\router\index.js:346:12)
    at next (D:\E-commerce\node_modules\express\lib\router\index.js:280:10)
    at cors (D:\E-commerce\node_modules\cors\lib\index.js:188:7)
    at D:\E-commerce\node_modules\cors\lib\index.js:224:17
    at originCallback (D:\E-commerce\node_modules\cors\lib\index.js:214:15)
    at D:\E-commerce\node_modules\cors\lib\index.js:219:13
[ERROR] Error: secret option required for sessions
    at session (D:\E-commerce\node_modules\express-session\index.js:204:12)
    at Layer.handle [as handle_request] (D:\E-commerce\node_modules\express\lib\router\layer.js:95:5)
    at trim_prefix (D:\E-commerce\node_modules\express\lib\router\index.js:328:13)
    at D:\E-commerce\node_modules\express\lib\router\index.js:286:9
    at Function.process_params (D:\E-commerce\node_modules\express\lib\router\index.js:346:12)
    at next (D:\E-commerce\node_modules\express\lib\router\index.js:280:10)
    at cors (D:\E-commerce\node_modules\cors\lib\index.js:188:7)
    at D:\E-commerce\node_modules\cors\lib\index.js:224:17
    at originCallback (D:\E-commerce\node_modules\cors\lib\index.js:214:15)
    at D:\E-commerce\node_modules\cors\lib\index.js:219:13
[ERROR] Error: secret option required for sessions
    at session (D:\E-commerce\node_modules\express-session\index.js:204:12)
    at Layer.handle [as handle_request] (D:\E-commerce\node_modules\express\lib\router\layer.js:95:5)
    at trim_prefix (D:\E-commerce\node_modules\express\lib\router\index.js:328:13)
    at D:\E-commerce\node_modules\express\lib\router\index.js:286:9
    at Function.process_params (D:\E-commerce\node_modules\express\lib\router\index.js:346:12)
    at next (D:\E-commerce\node_modules\express\lib\router\index.js:280:10)
    at cors (D:\E-commerce\node_modules\cors\lib\index.js:188:7)
    at D:\E-commerce\node_modules\cors\lib\index.js:224:17
    at originCallback (D:\E-commerce\node_modules\cors\lib\index.js:214:15)
    at D:\E-commerce\node_modules\cors\lib\index.js:219:13
[2025-04-30T19:59:58.464Z] ::1 GET /
[2025-04-30T19:59:58.583Z] ::1 GET /css/main.css
[2025-04-30T19:59:58.604Z] ::1 GET /js/main.js
[2025-04-30T19:59:58.703Z] ::1 GET /favicon.ico
[2025-04-30T20:00:11.748Z] ::1 GET /
[2025-04-30T20:00:11.793Z] ::1 GET /css/main.css
[2025-04-30T20:00:11.806Z] ::1 GET /js/main.js
[2025-04-30T20:00:13.798Z] ::1 GET /
[2025-04-30T20:00:13.857Z] ::1 GET /css/main.css
[2025-04-30T20:00:13.902Z] ::1 GET /js/main.js
[2025-04-30T20:00:15.910Z] ::1 GET /products
[2025-04-30T20:00:15.963Z] ::1 GET /css/main.css
[2025-04-30T20:00:15.977Z] ::1 GET /js/main.js
[2025-04-30T20:00:19.408Z] ::1 GET /login
[2025-04-30T20:00:19.467Z] ::1 GET /css/main.css
[2025-04-30T20:00:19.469Z] ::1 GET /js/main.js
[2025-04-30T20:00:20.573Z] ::1 GET /signup
[2025-04-30T20:00:20.622Z] ::1 GET /css/main.css
[2025-04-30T20:00:20.627Z] ::1 GET /js/main.js
[2025-04-30T20:02:12.401Z] ::1 GET /signup
[2025-04-30T20:02:12.453Z] ::1 GET /css/main.css
[2025-04-30T20:02:12.473Z] ::1 GET /js/main.js
[2025-04-30T20:02:12.793Z] ::1 GET /login
[2025-04-30T20:02:12.851Z] ::1 GET /css/main.css
[2025-04-30T20:02:12.866Z] ::1 GET /js/main.js
[2025-04-30T20:02:14.050Z] ::1 GET /signup
[2025-04-30T20:02:14.121Z] ::1 GET /css/main.css
[2025-04-30T20:02:14.154Z] ::1 GET /js/main.js
[2025-04-30T20:02:15.700Z] ::1 GET /products
[2025-04-30T20:02:15.755Z] ::1 GET /css/main.css
[2025-04-30T20:02:15.772Z] ::1 GET /js/main.js
[2025-04-30T20:02:16.364Z] ::1 GET /
[2025-04-30T20:02:16.426Z] ::1 GET /css/main.css
[2025-04-30T20:02:16.459Z] ::1 GET /js/main.js
[2025-04-30T20:03:24.298Z] ::1 GET /
[ERROR] ReferenceError: D:\E-commerce\views\shop\index.ejs:6
    4| 
    5| <body>
 >> 6|     <%- include('../includes/navigation.ejs') %>
    7| 
    8|     <main>
    9|         <% if (prods.length > 0) { %>

D:\E-commerce\views\includes\navigation.ejs:12
    10|                 <a class="<%= path === '/products' ? 'active' : '' %>" href="/products">Products</a>
    11|             </li>
 >> 12|             <% if (t) { %>
    13|                 <li class="main-header__item">
    14|                     <a class="<%= path === '/cart' ? 'active' : '' %>" href="/cart">Cart</a>
    15|                 </li>

t is not defined
    at eval (D:\E-commerce\views\includes\navigation.ejs:18:8)
    at navigation (D:\E-commerce\node_modules\ejs\lib\ejs.js:682:17)
    at include (D:\E-commerce\node_modules\ejs\lib\ejs.js:680:39)
    at eval (D:\E-commerce\views\shop\index.ejs:13:17)
    at index (D:\E-commerce\node_modules\ejs\lib\ejs.js:682:17)
    at tryHandleCache (D:\E-commerce\node_modules\ejs\lib\ejs.js:254:36)
    at exports.renderFile [as engine] (D:\E-commerce\node_modules\ejs\lib\ejs.js:485:10)
    at View.render (D:\E-commerce\node_modules\express\lib\view.js:135:8)
    at tryRender (D:\E-commerce\node_modules\express\lib\application.js:657:10)
    at Function.render (D:\E-commerce\node_modules\express\lib\application.js:609:3)
[2025-04-30T20:06:09.121Z] ::1 GET /
[ERROR] ReferenceError: D:\E-commerce\views\shop\index.ejs:6
    4| 
    5| <body>
 >> 6|     <%- include('../includes/navigation.ejs') %>
    7| 
    8|     <main>
    9|         <% if (prods.length > 0) { %>

D:\E-commerce\views\includes\navigation.ejs:12
    10|                 <a class="<%= path === '/products' ? 'active' : '' %>" href="/products">Products</a>
    11|             </li>
 >> 12|             <% if (t) { %>
    13|                 <li class="main-header__item">
    14|                     <a class="<%= path === '/cart' ? 'active' : '' %>" href="/cart">Cart</a>
    15|                 </li>

t is not defined
    at eval (D:\E-commerce\views\includes\navigation.ejs:18:8)
    at navigation (D:\E-commerce\node_modules\ejs\lib\ejs.js:682:17)
    at include (D:\E-commerce\node_modules\ejs\lib\ejs.js:680:39)
    at eval (D:\E-commerce\views\shop\index.ejs:13:17)
    at index (D:\E-commerce\node_modules\ejs\lib\ejs.js:682:17)
    at tryHandleCache (D:\E-commerce\node_modules\ejs\lib\ejs.js:254:36)
    at exports.renderFile [as engine] (D:\E-commerce\node_modules\ejs\lib\ejs.js:485:10)
    at View.render (D:\E-commerce\node_modules\express\lib\view.js:135:8)
    at tryRender (D:\E-commerce\node_modules\express\lib\application.js:657:10)
    at Function.render (D:\E-commerce\node_modules\express\lib\application.js:609:3)
[2025-04-30T20:07:27.779Z] ::1 GET /
[ERROR] ReferenceError: D:\E-commerce\views\shop\index.ejs:6
    4| 
    5| <body>
 >> 6|     <%- include('../includes/navigation.ejs') %>
    7| 
    8|     <main>
    9|         <% if (prods.length > 0) { %>

D:\E-commerce\views\includes\navigation.ejs:12
    10|                 <a class="<%= path === '/products' ? 'active' : '' %>" href="/products">Products</a>
    11|             </li>
 >> 12|             <% if (t) { %>
    13|                 <li class="main-header__item">
    14|                     <a class="<%= path === '/cart' ? 'active' : '' %>" href="/cart">Cart</a>
    15|                 </li>

t is not defined
    at eval (D:\E-commerce\views\includes\navigation.ejs:18:8)
    at navigation (D:\E-commerce\node_modules\ejs\lib\ejs.js:682:17)
    at include (D:\E-commerce\node_modules\ejs\lib\ejs.js:680:39)
    at eval (D:\E-commerce\views\shop\index.ejs:13:17)
    at index (D:\E-commerce\node_modules\ejs\lib\ejs.js:682:17)
    at tryHandleCache (D:\E-commerce\node_modules\ejs\lib\ejs.js:254:36)
    at exports.renderFile [as engine] (D:\E-commerce\node_modules\ejs\lib\ejs.js:485:10)
    at View.render (D:\E-commerce\node_modules\express\lib\view.js:135:8)
    at tryRender (D:\E-commerce\node_modules\express\lib\application.js:657:10)
    at Function.render (D:\E-commerce\node_modules\express\lib\application.js:609:3)
[2025-04-30T20:08:05.571Z] ::1 GET /
[2025-04-30T20:08:05.715Z] ::1 GET /css/main.css
[2025-04-30T20:08:05.786Z] ::1 GET /css/product.css
[2025-04-30T20:08:05.792Z] ::1 GET /js/main.js
[2025-04-30T20:08:11.952Z] ::1 GET /
[2025-04-30T20:08:11.996Z] ::1 GET /css/main.css
[2025-04-30T20:08:12.005Z] ::1 GET /css/product.css
[2025-04-30T20:08:12.027Z] ::1 GET /js/main.js
[2025-04-30T20:08:15.216Z] ::1 GET /login
[ERROR] TypeError: req.flash is not a function
    at exports.getLogin (D:\E-commerce\controllers\auth.js:5:19)
    at Layer.handle [as handle_request] (D:\E-commerce\node_modules\express\lib\router\layer.js:95:5)
    at next (D:\E-commerce\node_modules\express\lib\router\route.js:149:13)
    at Route.dispatch (D:\E-commerce\node_modules\express\lib\router\route.js:119:3)
    at Layer.handle [as handle_request] (D:\E-commerce\node_modules\express\lib\router\layer.js:95:5)
    at D:\E-commerce\node_modules\express\lib\router\index.js:284:15
    at Function.process_params (D:\E-commerce\node_modules\express\lib\router\index.js:346:12)
    at next (D:\E-commerce\node_modules\express\lib\router\index.js:280:10)
    at Function.handle (D:\E-commerce\node_modules\express\lib\router\index.js:175:3)
    at router (D:\E-commerce\node_modules\express\lib\router\index.js:47:12)
[2025-04-30T20:08:15.347Z] ::1 GET /css/main.css
[2025-04-30T20:08:15.353Z] ::1 GET /js/main.js
[2025-04-30T20:08:18.405Z] ::1 GET /signup
[ERROR] TypeError: req.flash is not a function
    at exports.getSignup (D:\E-commerce\controllers\auth.js:56:19)
    at Layer.handle [as handle_request] (D:\E-commerce\node_modules\express\lib\router\layer.js:95:5)
    at next (D:\E-commerce\node_modules\express\lib\router\route.js:149:13)
    at Route.dispatch (D:\E-commerce\node_modules\express\lib\router\route.js:119:3)
    at Layer.handle [as handle_request] (D:\E-commerce\node_modules\express\lib\router\layer.js:95:5)
    at D:\E-commerce\node_modules\express\lib\router\index.js:284:15
    at Function.process_params (D:\E-commerce\node_modules\express\lib\router\index.js:346:12)
    at next (D:\E-commerce\node_modules\express\lib\router\index.js:280:10)
    at Function.handle (D:\E-commerce\node_modules\express\lib\router\index.js:175:3)
    at router (D:\E-commerce\node_modules\express\lib\router\index.js:47:12)
[2025-04-30T20:08:18.476Z] ::1 GET /css/main.css
[2025-04-30T20:08:18.479Z] ::1 GET /js/main.js
[2025-04-30T20:08:19.391Z] ::1 GET /login
[ERROR] TypeError: req.flash is not a function
    at exports.getLogin (D:\E-commerce\controllers\auth.js:5:19)
    at Layer.handle [as handle_request] (D:\E-commerce\node_modules\express\lib\router\layer.js:95:5)
    at next (D:\E-commerce\node_modules\express\lib\router\route.js:149:13)
    at Route.dispatch (D:\E-commerce\node_modules\express\lib\router\route.js:119:3)
    at Layer.handle [as handle_request] (D:\E-commerce\node_modules\express\lib\router\layer.js:95:5)
    at D:\E-commerce\node_modules\express\lib\router\index.js:284:15
    at Function.process_params (D:\E-commerce\node_modules\express\lib\router\index.js:346:12)
    at next (D:\E-commerce\node_modules\express\lib\router\index.js:280:10)
    at Function.handle (D:\E-commerce\node_modules\express\lib\router\index.js:175:3)
    at router (D:\E-commerce\node_modules\express\lib\router\index.js:47:12)
[2025-04-30T20:08:19.473Z] ::1 GET /css/main.css
[2025-04-30T20:08:19.476Z] ::1 GET /js/main.js
[2025-04-30T20:08:20.819Z] ::1 GET /products
[2025-04-30T20:08:20.908Z] ::1 GET /css/main.css
[2025-04-30T20:08:20.911Z] ::1 GET /css/product.css
[2025-04-30T20:08:20.924Z] ::1 GET /js/main.js
[2025-04-30T20:08:22.796Z] ::1 GET /
[2025-04-30T20:08:22.924Z] ::1 GET /css/main.css
[2025-04-30T20:08:22.941Z] ::1 GET /css/product.css
[2025-04-30T20:08:22.944Z] ::1 GET /js/main.js
[2025-04-30T20:08:24.093Z] ::1 GET /products
[2025-04-30T20:08:24.204Z] ::1 GET /css/main.css
[2025-04-30T20:08:24.220Z] ::1 GET /css/product.css
[2025-04-30T20:08:24.222Z] ::1 GET /js/main.js
[2025-04-30T20:08:25.821Z] ::1 GET /login
[ERROR] TypeError: req.flash is not a function
    at exports.getLogin (D:\E-commerce\controllers\auth.js:5:19)
    at Layer.handle [as handle_request] (D:\E-commerce\node_modules\express\lib\router\layer.js:95:5)
    at next (D:\E-commerce\node_modules\express\lib\router\route.js:149:13)
    at Route.dispatch (D:\E-commerce\node_modules\express\lib\router\route.js:119:3)
    at Layer.handle [as handle_request] (D:\E-commerce\node_modules\express\lib\router\layer.js:95:5)
    at D:\E-commerce\node_modules\express\lib\router\index.js:284:15
    at Function.process_params (D:\E-commerce\node_modules\express\lib\router\index.js:346:12)
    at next (D:\E-commerce\node_modules\express\lib\router\index.js:280:10)
    at Function.handle (D:\E-commerce\node_modules\express\lib\router\index.js:175:3)
    at router (D:\E-commerce\node_modules\express\lib\router\index.js:47:12)
[2025-04-30T20:08:25.953Z] ::1 GET /css/main.css
[2025-04-30T20:08:25.958Z] ::1 GET /js/main.js
[2025-04-30T20:08:27.711Z] ::1 GET /signup
[ERROR] TypeError: req.flash is not a function
    at exports.getSignup (D:\E-commerce\controllers\auth.js:56:19)
    at Layer.handle [as handle_request] (D:\E-commerce\node_modules\express\lib\router\layer.js:95:5)
    at next (D:\E-commerce\node_modules\express\lib\router\route.js:149:13)
    at Route.dispatch (D:\E-commerce\node_modules\express\lib\router\route.js:119:3)
    at Layer.handle [as handle_request] (D:\E-commerce\node_modules\express\lib\router\layer.js:95:5)
    at D:\E-commerce\node_modules\express\lib\router\index.js:284:15
    at Function.process_params (D:\E-commerce\node_modules\express\lib\router\index.js:346:12)
    at next (D:\E-commerce\node_modules\express\lib\router\index.js:280:10)
    at Function.handle (D:\E-commerce\node_modules\express\lib\router\index.js:175:3)
    at router (D:\E-commerce\node_modules\express\lib\router\index.js:47:12)
[2025-04-30T20:08:27.780Z] ::1 GET /css/main.css
[2025-04-30T20:08:27.797Z] ::1 GET /js/main.js
[2025-04-30T20:08:29.100Z] ::1 GET /login
[ERROR] TypeError: req.flash is not a function
    at exports.getLogin (D:\E-commerce\controllers\auth.js:5:19)
    at Layer.handle [as handle_request] (D:\E-commerce\node_modules\express\lib\router\layer.js:95:5)
    at next (D:\E-commerce\node_modules\express\lib\router\route.js:149:13)
    at Route.dispatch (D:\E-commerce\node_modules\express\lib\router\route.js:119:3)
    at Layer.handle [as handle_request] (D:\E-commerce\node_modules\express\lib\router\layer.js:95:5)
    at D:\E-commerce\node_modules\express\lib\router\index.js:284:15
    at Function.process_params (D:\E-commerce\node_modules\express\lib\router\index.js:346:12)
    at next (D:\E-commerce\node_modules\express\lib\router\index.js:280:10)
    at Function.handle (D:\E-commerce\node_modules\express\lib\router\index.js:175:3)
    at router (D:\E-commerce\node_modules\express\lib\router\index.js:47:12)
[2025-04-30T20:08:29.172Z] ::1 GET /css/main.css
[2025-04-30T20:08:29.174Z] ::1 GET /js/main.js
[2025-04-30T20:08:29.908Z] ::1 GET /signup
[ERROR] TypeError: req.flash is not a function
    at exports.getSignup (D:\E-commerce\controllers\auth.js:56:19)
    at Layer.handle [as handle_request] (D:\E-commerce\node_modules\express\lib\router\layer.js:95:5)
    at next (D:\E-commerce\node_modules\express\lib\router\route.js:149:13)
    at Route.dispatch (D:\E-commerce\node_modules\express\lib\router\route.js:119:3)
    at Layer.handle [as handle_request] (D:\E-commerce\node_modules\express\lib\router\layer.js:95:5)
    at D:\E-commerce\node_modules\express\lib\router\index.js:284:15
    at Function.process_params (D:\E-commerce\node_modules\express\lib\router\index.js:346:12)
    at next (D:\E-commerce\node_modules\express\lib\router\index.js:280:10)
    at Function.handle (D:\E-commerce\node_modules\express\lib\router\index.js:175:3)
    at router (D:\E-commerce\node_modules\express\lib\router\index.js:47:12)
[2025-04-30T20:08:29.984Z] ::1 GET /css/main.css
[2025-04-30T20:08:30.002Z] ::1 GET /js/main.js
[2025-04-30T20:11:46.420Z] ::1 GET /signup
[ERROR] ReferenceError: D:\E-commerce\views\auth\signup.ejs:28
    26|                 <input type="password" name="confirmPassword" id="confirmPassword">
    27|             </div>
 >> 28|             <input type="hidden" name="_csrf" value="<%= crsfToken %>" >
    29| 
    30| 
    31|             <button class="btn" type="submit">Signup</button>

crsfToken is not defined
    at eval (D:\E-commerce\views\auth\signup.ejs:25:26)
    at signup (D:\E-commerce\node_modules\ejs\lib\ejs.js:682:17)
    at tryHandleCache (D:\E-commerce\node_modules\ejs\lib\ejs.js:254:36)
    at exports.renderFile [as engine] (D:\E-commerce\node_modules\ejs\lib\ejs.js:485:10)
    at View.render (D:\E-commerce\node_modules\express\lib\view.js:135:8)
    at tryRender (D:\E-commerce\node_modules\express\lib\application.js:657:10)
    at Function.render (D:\E-commerce\node_modules\express\lib\application.js:609:3)
    at ServerResponse.render (D:\E-commerce\node_modules\express\lib\response.js:1049:7)
    at exports.getSignup (D:\E-commerce\controllers\auth.js:63:7)
    at Layer.handle [as handle_request] (D:\E-commerce\node_modules\express\lib\router\layer.js:95:5)
[2025-04-30T20:11:46.738Z] ::1 GET /css/main.css
[2025-04-30T20:11:46.742Z] ::1 GET /js/main.js
[2025-04-30T20:11:49.325Z] ::1 GET /login
[ERROR] ReferenceError: D:\E-commerce\views\auth\login.ejs:25
    23|                 <input type="password" name="password" id="password">
    24|             </div>
 >> 25|             <input type="hidden" name="_csrf" value="<%= crsfToken %>" >
    26| 
    27|             <button class="btn" type="submit">Login</button>
    28|         </form>

crsfToken is not defined
    at eval (D:\E-commerce\views\auth\login.ejs:25:26)
    at login (D:\E-commerce\node_modules\ejs\lib\ejs.js:682:17)
    at tryHandleCache (D:\E-commerce\node_modules\ejs\lib\ejs.js:254:36)
    at exports.renderFile [as engine] (D:\E-commerce\node_modules\ejs\lib\ejs.js:485:10)
    at View.render (D:\E-commerce\node_modules\express\lib\view.js:135:8)
    at tryRender (D:\E-commerce\node_modules\express\lib\application.js:657:10)
    at Function.render (D:\E-commerce\node_modules\express\lib\application.js:609:3)
    at ServerResponse.render (D:\E-commerce\node_modules\express\lib\response.js:1049:7)
    at exports.getLogin (D:\E-commerce\controllers\auth.js:12:7)
    at Layer.handle [as handle_request] (D:\E-commerce\node_modules\express\lib\router\layer.js:95:5)
[2025-04-30T20:11:49.542Z] ::1 GET /css/main.css
[2025-04-30T20:11:49.543Z] ::1 GET /js/main.js
[2025-04-30T20:11:50.860Z] ::1 GET /signup
[ERROR] ReferenceError: D:\E-commerce\views\auth\signup.ejs:28
    26|                 <input type="password" name="confirmPassword" id="confirmPassword">
    27|             </div>
 >> 28|             <input type="hidden" name="_csrf" value="<%= crsfToken %>" >
    29| 
    30| 
    31|             <button class="btn" type="submit">Signup</button>

crsfToken is not defined
    at eval (D:\E-commerce\views\auth\signup.ejs:25:26)
    at signup (D:\E-commerce\node_modules\ejs\lib\ejs.js:682:17)
    at tryHandleCache (D:\E-commerce\node_modules\ejs\lib\ejs.js:254:36)
    at exports.renderFile [as engine] (D:\E-commerce\node_modules\ejs\lib\ejs.js:485:10)
    at View.render (D:\E-commerce\node_modules\express\lib\view.js:135:8)
    at tryRender (D:\E-commerce\node_modules\express\lib\application.js:657:10)
    at Function.render (D:\E-commerce\node_modules\express\lib\application.js:609:3)
    at ServerResponse.render (D:\E-commerce\node_modules\express\lib\response.js:1049:7)
    at exports.getSignup (D:\E-commerce\controllers\auth.js:63:7)
    at Layer.handle [as handle_request] (D:\E-commerce\node_modules\express\lib\router\layer.js:95:5)
[2025-04-30T20:11:50.957Z] ::1 GET /css/main.css
[2025-04-30T20:11:50.989Z] ::1 GET /js/main.js
[2025-04-30T20:11:52.478Z] ::1 GET /products
[2025-04-30T20:11:52.579Z] ::1 GET /css/main.css
[2025-04-30T20:11:52.583Z] ::1 GET /css/product.css
[2025-04-30T20:11:52.586Z] ::1 GET /js/main.js
[2025-04-30T20:11:53.922Z] ::1 GET /
[2025-04-30T20:11:54.073Z] ::1 GET /css/main.css
[2025-04-30T20:11:54.103Z] ::1 GET /css/product.css
[2025-04-30T20:11:54.107Z] ::1 GET /js/main.js
[2025-04-30T20:11:54.820Z] ::1 GET /products
[2025-04-30T20:11:54.930Z] ::1 GET /css/main.css
[2025-04-30T20:11:54.944Z] ::1 GET /css/product.css
[2025-04-30T20:11:54.953Z] ::1 GET /js/main.js
[2025-04-30T20:16:28.977Z] ::1 GET /
[2025-04-30T20:16:29.067Z] ::1 GET /css/main.css
[2025-04-30T20:16:29.131Z] ::1 GET /css/product.css
[2025-04-30T20:16:29.204Z] ::1 GET /js/main.js
[2025-04-30T20:16:30.865Z] ::1 GET /products
[2025-04-30T20:16:30.994Z] ::1 GET /css/main.css
[2025-04-30T20:16:31.026Z] ::1 GET /css/product.css
[2025-04-30T20:16:31.031Z] ::1 GET /js/main.js
[2025-04-30T20:16:33.124Z] ::1 GET /login
[ERROR] ReferenceError: D:\E-commerce\views\auth\login.ejs:25
    23|                 <input type="password" name="password" id="password">
    24|             </div>
 >> 25|             <input type="hidden" name="_csrf" value="<%= crsfToken %>" >
    26| 
    27|             <button class="btn" type="submit">Login</button>
    28|         </form>

crsfToken is not defined
    at eval (D:\E-commerce\views\auth\login.ejs:25:26)
    at login (D:\E-commerce\node_modules\ejs\lib\ejs.js:682:17)
    at tryHandleCache (D:\E-commerce\node_modules\ejs\lib\ejs.js:254:36)
    at exports.renderFile [as engine] (D:\E-commerce\node_modules\ejs\lib\ejs.js:485:10)
    at View.render (D:\E-commerce\node_modules\express\lib\view.js:135:8)
    at tryRender (D:\E-commerce\node_modules\express\lib\application.js:657:10)
    at Function.render (D:\E-commerce\node_modules\express\lib\application.js:609:3)
    at ServerResponse.render (D:\E-commerce\node_modules\express\lib\response.js:1049:7)
    at exports.getLogin (D:\E-commerce\controllers\auth.js:12:7)
    at Layer.handle [as handle_request] (D:\E-commerce\node_modules\express\lib\router\layer.js:95:5)
[2025-04-30T20:16:33.264Z] ::1 GET /css/main.css
[2025-04-30T20:16:33.278Z] ::1 GET /js/main.js
[2025-04-30T20:16:34.688Z] ::1 GET /signup
[ERROR] ReferenceError: D:\E-commerce\views\auth\signup.ejs:28
    26|                 <input type="password" name="confirmPassword" id="confirmPassword">
    27|             </div>
 >> 28|             <input type="hidden" name="_csrf" value="<%= crsfToken %>" >
    29| 
    30| 
    31|             <button class="btn" type="submit">Signup</button>

crsfToken is not defined
    at eval (D:\E-commerce\views\auth\signup.ejs:25:26)
    at signup (D:\E-commerce\node_modules\ejs\lib\ejs.js:682:17)
    at tryHandleCache (D:\E-commerce\node_modules\ejs\lib\ejs.js:254:36)
    at exports.renderFile [as engine] (D:\E-commerce\node_modules\ejs\lib\ejs.js:485:10)
    at View.render (D:\E-commerce\node_modules\express\lib\view.js:135:8)
    at tryRender (D:\E-commerce\node_modules\express\lib\application.js:657:10)
    at Function.render (D:\E-commerce\node_modules\express\lib\application.js:609:3)
    at ServerResponse.render (D:\E-commerce\node_modules\express\lib\response.js:1049:7)
    at exports.getSignup (D:\E-commerce\controllers\auth.js:63:7)
    at Layer.handle [as handle_request] (D:\E-commerce\node_modules\express\lib\router\layer.js:95:5)
[2025-04-30T20:16:34.780Z] ::1 GET /css/main.css
[2025-04-30T20:16:34.783Z] ::1 GET /js/main.js
[2025-04-30T20:16:35.565Z] ::1 GET /login
[ERROR] ReferenceError: D:\E-commerce\views\auth\login.ejs:25
    23|                 <input type="password" name="password" id="password">
    24|             </div>
 >> 25|             <input type="hidden" name="_csrf" value="<%= crsfToken %>" >
    26| 
    27|             <button class="btn" type="submit">Login</button>
    28|         </form>

crsfToken is not defined
    at eval (D:\E-commerce\views\auth\login.ejs:25:26)
    at login (D:\E-commerce\node_modules\ejs\lib\ejs.js:682:17)
    at tryHandleCache (D:\E-commerce\node_modules\ejs\lib\ejs.js:254:36)
    at exports.renderFile [as engine] (D:\E-commerce\node_modules\ejs\lib\ejs.js:485:10)
    at View.render (D:\E-commerce\node_modules\express\lib\view.js:135:8)
    at tryRender (D:\E-commerce\node_modules\express\lib\application.js:657:10)
    at Function.render (D:\E-commerce\node_modules\express\lib\application.js:609:3)
    at ServerResponse.render (D:\E-commerce\node_modules\express\lib\response.js:1049:7)
    at exports.getLogin (D:\E-commerce\controllers\auth.js:12:7)
    at Layer.handle [as handle_request] (D:\E-commerce\node_modules\express\lib\router\layer.js:95:5)
[2025-04-30T20:16:35.651Z] ::1 GET /css/main.css
[2025-04-30T20:16:35.671Z] ::1 GET /js/main.js
[2025-04-30T20:16:37.054Z] ::1 GET /products
[2025-04-30T20:16:37.155Z] ::1 GET /css/main.css
[2025-04-30T20:16:37.185Z] ::1 GET /css/product.css
[2025-04-30T20:16:37.188Z] ::1 GET /js/main.js
[2025-04-30T20:16:38.448Z] ::1 GET /
[2025-04-30T20:16:38.569Z] ::1 GET /css/main.css
[2025-04-30T20:16:38.590Z] ::1 GET /css/product.css
[2025-04-30T20:16:38.600Z] ::1 GET /js/main.js
[2025-04-30T20:16:39.646Z] ::1 GET /products
[2025-04-30T20:16:39.774Z] ::1 GET /css/main.css
[2025-04-30T20:16:39.806Z] ::1 GET /css/product.css
[2025-04-30T20:16:39.811Z] ::1 GET /js/main.js
[2025-04-30T20:16:41.508Z] ::1 GET /login
[ERROR] ReferenceError: D:\E-commerce\views\auth\login.ejs:25
    23|                 <input type="password" name="password" id="password">
    24|             </div>
 >> 25|             <input type="hidden" name="_csrf" value="<%= crsfToken %>" >
    26| 
    27|             <button class="btn" type="submit">Login</button>
    28|         </form>

crsfToken is not defined
    at eval (D:\E-commerce\views\auth\login.ejs:25:26)
    at login (D:\E-commerce\node_modules\ejs\lib\ejs.js:682:17)
    at tryHandleCache (D:\E-commerce\node_modules\ejs\lib\ejs.js:254:36)
    at exports.renderFile [as engine] (D:\E-commerce\node_modules\ejs\lib\ejs.js:485:10)
    at View.render (D:\E-commerce\node_modules\express\lib\view.js:135:8)
    at tryRender (D:\E-commerce\node_modules\express\lib\application.js:657:10)
    at Function.render (D:\E-commerce\node_modules\express\lib\application.js:609:3)
    at ServerResponse.render (D:\E-commerce\node_modules\express\lib\response.js:1049:7)
    at exports.getLogin (D:\E-commerce\controllers\auth.js:12:7)
    at Layer.handle [as handle_request] (D:\E-commerce\node_modules\express\lib\router\layer.js:95:5)
[2025-04-30T20:16:41.650Z] ::1 GET /css/main.css
[2025-04-30T20:16:41.674Z] ::1 GET /js/main.js
[2025-04-30T20:16:47.358Z] ::1 GET /signup
[ERROR] ReferenceError: D:\E-commerce\views\auth\signup.ejs:28
    26|                 <input type="password" name="confirmPassword" id="confirmPassword">
    27|             </div>
 >> 28|             <input type="hidden" name="_csrf" value="<%= crsfToken %>" >
    29| 
    30| 
    31|             <button class="btn" type="submit">Signup</button>

crsfToken is not defined
    at eval (D:\E-commerce\views\auth\signup.ejs:25:26)
    at signup (D:\E-commerce\node_modules\ejs\lib\ejs.js:682:17)
    at tryHandleCache (D:\E-commerce\node_modules\ejs\lib\ejs.js:254:36)
    at exports.renderFile [as engine] (D:\E-commerce\node_modules\ejs\lib\ejs.js:485:10)
    at View.render (D:\E-commerce\node_modules\express\lib\view.js:135:8)
    at tryRender (D:\E-commerce\node_modules\express\lib\application.js:657:10)
    at Function.render (D:\E-commerce\node_modules\express\lib\application.js:609:3)
    at ServerResponse.render (D:\E-commerce\node_modules\express\lib\response.js:1049:7)
    at exports.getSignup (D:\E-commerce\controllers\auth.js:63:7)
    at Layer.handle [as handle_request] (D:\E-commerce\node_modules\express\lib\router\layer.js:95:5)
[2025-04-30T20:16:47.453Z] ::1 GET /css/main.css
[2025-04-30T20:16:47.477Z] ::1 GET /js/main.js
[2025-04-30T20:16:48.893Z] ::1 GET /login
[ERROR] ReferenceError: D:\E-commerce\views\auth\login.ejs:25
    23|                 <input type="password" name="password" id="password">
    24|             </div>
 >> 25|             <input type="hidden" name="_csrf" value="<%= crsfToken %>" >
    26| 
    27|             <button class="btn" type="submit">Login</button>
    28|         </form>

crsfToken is not defined
    at eval (D:\E-commerce\views\auth\login.ejs:25:26)
    at login (D:\E-commerce\node_modules\ejs\lib\ejs.js:682:17)
    at tryHandleCache (D:\E-commerce\node_modules\ejs\lib\ejs.js:254:36)
    at exports.renderFile [as engine] (D:\E-commerce\node_modules\ejs\lib\ejs.js:485:10)
    at View.render (D:\E-commerce\node_modules\express\lib\view.js:135:8)
    at tryRender (D:\E-commerce\node_modules\express\lib\application.js:657:10)
    at Function.render (D:\E-commerce\node_modules\express\lib\application.js:609:3)
    at ServerResponse.render (D:\E-commerce\node_modules\express\lib\response.js:1049:7)
    at exports.getLogin (D:\E-commerce\controllers\auth.js:12:7)
    at Layer.handle [as handle_request] (D:\E-commerce\node_modules\express\lib\router\layer.js:95:5)
[2025-04-30T20:16:48.985Z] ::1 GET /css/main.css
[2025-04-30T20:16:48.988Z] ::1 GET /js/main.js
[2025-04-30T20:16:50.177Z] ::1 GET /signup
[ERROR] ReferenceError: D:\E-commerce\views\auth\signup.ejs:28
    26|                 <input type="password" name="confirmPassword" id="confirmPassword">
    27|             </div>
 >> 28|             <input type="hidden" name="_csrf" value="<%= crsfToken %>" >
    29| 
    30| 
    31|             <button class="btn" type="submit">Signup</button>

crsfToken is not defined
    at eval (D:\E-commerce\views\auth\signup.ejs:25:26)
    at signup (D:\E-commerce\node_modules\ejs\lib\ejs.js:682:17)
    at tryHandleCache (D:\E-commerce\node_modules\ejs\lib\ejs.js:254:36)
    at exports.renderFile [as engine] (D:\E-commerce\node_modules\ejs\lib\ejs.js:485:10)
    at View.render (D:\E-commerce\node_modules\express\lib\view.js:135:8)
    at tryRender (D:\E-commerce\node_modules\express\lib\application.js:657:10)
    at Function.render (D:\E-commerce\node_modules\express\lib\application.js:609:3)
    at ServerResponse.render (D:\E-commerce\node_modules\express\lib\response.js:1049:7)
    at exports.getSignup (D:\E-commerce\controllers\auth.js:63:7)
    at Layer.handle [as handle_request] (D:\E-commerce\node_modules\express\lib\router\layer.js:95:5)
[2025-04-30T20:16:50.261Z] ::1 GET /css/main.css
[2025-04-30T20:16:50.286Z] ::1 GET /js/main.js
[2025-04-30T20:16:51.728Z] ::1 GET /products
[2025-04-30T20:16:51.840Z] ::1 GET /css/main.css
[2025-04-30T20:16:51.843Z] ::1 GET /css/product.css
[2025-04-30T20:16:51.904Z] ::1 GET /js/main.js
[2025-04-30T20:16:53.166Z] ::1 GET /
[2025-04-30T20:16:53.299Z] ::1 GET /css/main.css
[2025-04-30T20:16:53.331Z] ::1 GET /css/product.css
[2025-04-30T20:16:53.349Z] ::1 GET /js/main.js
[2025-04-30T20:16:54.282Z] ::1 GET /products
[2025-04-30T20:16:54.422Z] ::1 GET /css/main.css
[2025-04-30T20:16:54.435Z] ::1 GET /css/product.css
[2025-04-30T20:16:54.436Z] ::1 GET /js/main.js
[2025-04-30T20:16:56.393Z] ::1 GET /login
[ERROR] ReferenceError: D:\E-commerce\views\auth\login.ejs:25
    23|                 <input type="password" name="password" id="password">
    24|             </div>
 >> 25|             <input type="hidden" name="_csrf" value="<%= crsfToken %>" >
    26| 
    27|             <button class="btn" type="submit">Login</button>
    28|         </form>

crsfToken is not defined
    at eval (D:\E-commerce\views\auth\login.ejs:25:26)
    at login (D:\E-commerce\node_modules\ejs\lib\ejs.js:682:17)
    at tryHandleCache (D:\E-commerce\node_modules\ejs\lib\ejs.js:254:36)
    at exports.renderFile [as engine] (D:\E-commerce\node_modules\ejs\lib\ejs.js:485:10)
    at View.render (D:\E-commerce\node_modules\express\lib\view.js:135:8)
    at tryRender (D:\E-commerce\node_modules\express\lib\application.js:657:10)
    at Function.render (D:\E-commerce\node_modules\express\lib\application.js:609:3)
    at ServerResponse.render (D:\E-commerce\node_modules\express\lib\response.js:1049:7)
    at exports.getLogin (D:\E-commerce\controllers\auth.js:12:7)
    at Layer.handle [as handle_request] (D:\E-commerce\node_modules\express\lib\router\layer.js:95:5)
[2025-04-30T20:16:56.527Z] ::1 GET /css/main.css
[2025-04-30T20:16:56.539Z] ::1 GET /js/main.js
[2025-04-30T20:18:11.829Z] ::1 GET /login
[ERROR] ReferenceError: D:\E-commerce\views\auth\login.ejs:25
    23|                 <input type="password" name="password" id="password">
    24|             </div>
 >> 25|             <input type="hidden" name="_csrf" value="<%= crsfToken %>" >
    26| 
    27|             <button class="btn" type="submit">Login</button>
    28|         </form>

crsfToken is not defined
    at eval (D:\E-commerce\views\auth\login.ejs:25:26)
    at login (D:\E-commerce\node_modules\ejs\lib\ejs.js:682:17)
    at tryHandleCache (D:\E-commerce\node_modules\ejs\lib\ejs.js:254:36)
    at exports.renderFile [as engine] (D:\E-commerce\node_modules\ejs\lib\ejs.js:485:10)
    at View.render (D:\E-commerce\node_modules\express\lib\view.js:135:8)
    at tryRender (D:\E-commerce\node_modules\express\lib\application.js:657:10)
    at Function.render (D:\E-commerce\node_modules\express\lib\application.js:609:3)
    at ServerResponse.render (D:\E-commerce\node_modules\express\lib\response.js:1049:7)
    at exports.getLogin (D:\E-commerce\controllers\auth.js:12:7)
    at Layer.handle [as handle_request] (D:\E-commerce\node_modules\express\lib\router\layer.js:95:5)
[2025-04-30T20:18:12.018Z] ::1 GET /css/main.css
[2025-04-30T20:18:12.068Z] ::1 GET /js/main.js
[2025-04-30T20:18:13.579Z] ::1 GET /signup
[ERROR] ReferenceError: D:\E-commerce\views\auth\signup.ejs:28
    26|                 <input type="password" name="confirmPassword" id="confirmPassword">
    27|             </div>
 >> 28|             <input type="hidden" name="_csrf" value="<%= crsfToken %>" >
    29| 
    30| 
    31|             <button class="btn" type="submit">Signup</button>

crsfToken is not defined
    at eval (D:\E-commerce\views\auth\signup.ejs:25:26)
    at signup (D:\E-commerce\node_modules\ejs\lib\ejs.js:682:17)
    at tryHandleCache (D:\E-commerce\node_modules\ejs\lib\ejs.js:254:36)
    at exports.renderFile [as engine] (D:\E-commerce\node_modules\ejs\lib\ejs.js:485:10)
    at View.render (D:\E-commerce\node_modules\express\lib\view.js:135:8)
    at tryRender (D:\E-commerce\node_modules\express\lib\application.js:657:10)
    at Function.render (D:\E-commerce\node_modules\express\lib\application.js:609:3)
    at ServerResponse.render (D:\E-commerce\node_modules\express\lib\response.js:1049:7)
    at exports.getSignup (D:\E-commerce\controllers\auth.js:63:7)
    at Layer.handle [as handle_request] (D:\E-commerce\node_modules\express\lib\router\layer.js:95:5)
[2025-04-30T20:18:13.680Z] ::1 GET /css/main.css
[2025-04-30T20:18:13.733Z] ::1 GET /js/main.js
[2025-04-30T20:18:28.781Z] ::1 GET /login
[ERROR] ReferenceError: D:\E-commerce\views\auth\login.ejs:25
    23|                 <input type="password" name="password" id="password">
    24|             </div>
 >> 25|             <input type="hidden" name="_csrf" value="<%= crsfToken %>" >
    26| 
    27|             <button class="btn" type="submit">Login</button>
    28|         </form>

crsfToken is not defined
    at eval (D:\E-commerce\views\auth\login.ejs:25:26)
    at login (D:\E-commerce\node_modules\ejs\lib\ejs.js:682:17)
    at tryHandleCache (D:\E-commerce\node_modules\ejs\lib\ejs.js:254:36)
    at exports.renderFile [as engine] (D:\E-commerce\node_modules\ejs\lib\ejs.js:485:10)
    at View.render (D:\E-commerce\node_modules\express\lib\view.js:135:8)
    at tryRender (D:\E-commerce\node_modules\express\lib\application.js:657:10)
    at Function.render (D:\E-commerce\node_modules\express\lib\application.js:609:3)
    at ServerResponse.render (D:\E-commerce\node_modules\express\lib\response.js:1049:7)
    at exports.getLogin (D:\E-commerce\controllers\auth.js:12:7)
    at Layer.handle [as handle_request] (D:\E-commerce\node_modules\express\lib\router\layer.js:95:5)
[2025-04-30T20:18:28.958Z] ::1 GET /css/main.css
[2025-04-30T20:18:28.992Z] ::1 GET /js/main.js
[2025-04-30T20:18:31.174Z] ::1 GET /signup
[ERROR] ReferenceError: D:\E-commerce\views\auth\signup.ejs:28
    26|                 <input type="password" name="confirmPassword" id="confirmPassword">
    27|             </div>
 >> 28|             <input type="hidden" name="_csrf" value="<%= crsfToken %>" >
    29| 
    30| 
    31|             <button class="btn" type="submit">Signup</button>

crsfToken is not defined
    at eval (D:\E-commerce\views\auth\signup.ejs:25:26)
    at signup (D:\E-commerce\node_modules\ejs\lib\ejs.js:682:17)
    at tryHandleCache (D:\E-commerce\node_modules\ejs\lib\ejs.js:254:36)
    at exports.renderFile [as engine] (D:\E-commerce\node_modules\ejs\lib\ejs.js:485:10)
    at View.render (D:\E-commerce\node_modules\express\lib\view.js:135:8)
    at tryRender (D:\E-commerce\node_modules\express\lib\application.js:657:10)
    at Function.render (D:\E-commerce\node_modules\express\lib\application.js:609:3)
    at ServerResponse.render (D:\E-commerce\node_modules\express\lib\response.js:1049:7)
    at exports.getSignup (D:\E-commerce\controllers\auth.js:63:7)
    at Layer.handle [as handle_request] (D:\E-commerce\node_modules\express\lib\router\layer.js:95:5)
[2025-04-30T20:18:31.276Z] ::1 GET /css/main.css
[2025-04-30T20:18:31.301Z] ::1 GET /js/main.js
[2025-04-30T20:18:32.889Z] ::1 GET /signup
[ERROR] ReferenceError: D:\E-commerce\views\auth\signup.ejs:28
    26|                 <input type="password" name="confirmPassword" id="confirmPassword">
    27|             </div>
 >> 28|             <input type="hidden" name="_csrf" value="<%= crsfToken %>" >
    29| 
    30| 
    31|             <button class="btn" type="submit">Signup</button>

crsfToken is not defined
    at eval (D:\E-commerce\views\auth\signup.ejs:25:26)
    at signup (D:\E-commerce\node_modules\ejs\lib\ejs.js:682:17)
    at tryHandleCache (D:\E-commerce\node_modules\ejs\lib\ejs.js:254:36)
    at exports.renderFile [as engine] (D:\E-commerce\node_modules\ejs\lib\ejs.js:485:10)
    at View.render (D:\E-commerce\node_modules\express\lib\view.js:135:8)
    at tryRender (D:\E-commerce\node_modules\express\lib\application.js:657:10)
    at Function.render (D:\E-commerce\node_modules\express\lib\application.js:609:3)
    at ServerResponse.render (D:\E-commerce\node_modules\express\lib\response.js:1049:7)
    at exports.getSignup (D:\E-commerce\controllers\auth.js:63:7)
    at Layer.handle [as handle_request] (D:\E-commerce\node_modules\express\lib\router\layer.js:95:5)
[2025-04-30T20:18:32.977Z] ::1 GET /css/main.css
[2025-04-30T20:18:33.008Z] ::1 GET /js/main.js
[2025-04-30T20:18:33.729Z] ::1 GET /products
[2025-04-30T20:18:33.834Z] ::1 GET /css/main.css
[2025-04-30T20:18:33.905Z] ::1 GET /css/product.css
[2025-04-30T20:18:33.909Z] ::1 GET /js/main.js
[2025-04-30T20:18:34.323Z] ::1 GET /
[2025-04-30T20:18:34.460Z] ::1 GET /css/main.css
[2025-04-30T20:18:34.491Z] ::1 GET /css/product.css
[2025-04-30T20:18:34.493Z] ::1 GET /js/main.js
[2025-04-30T20:19:55.102Z] ::1 GET /login
[ERROR] ReferenceError: D:\E-commerce\views\auth\login.ejs:25
    23|                 <input type="password" name="password" id="password">
    24|             </div>
 >> 25|             <input type="hidden" name="_csrf" value="<%= crsfToken %>" >
    26| 
    27|             <button class="btn" type="submit">Login</button>
    28|         </form>

crsfToken is not defined
    at eval (D:\E-commerce\views\auth\login.ejs:25:26)
    at login (D:\E-commerce\node_modules\ejs\lib\ejs.js:682:17)
    at tryHandleCache (D:\E-commerce\node_modules\ejs\lib\ejs.js:254:36)
    at exports.renderFile [as engine] (D:\E-commerce\node_modules\ejs\lib\ejs.js:485:10)
    at View.render (D:\E-commerce\node_modules\express\lib\view.js:135:8)
    at tryRender (D:\E-commerce\node_modules\express\lib\application.js:657:10)
    at Function.render (D:\E-commerce\node_modules\express\lib\application.js:609:3)
    at ServerResponse.render (D:\E-commerce\node_modules\express\lib\response.js:1049:7)
    at exports.getLogin (D:\E-commerce\controllers\auth.js:12:7)
    at Layer.handle [as handle_request] (D:\E-commerce\node_modules\express\lib\router\layer.js:95:5)
[2025-04-30T20:19:55.234Z] ::1 GET /css/main.css
[2025-04-30T20:19:55.266Z] ::1 GET /js/main.js
[2025-04-30T20:19:56.946Z] ::1 GET /signup
[ERROR] ReferenceError: D:\E-commerce\views\auth\signup.ejs:28
    26|                 <input type="password" name="confirmPassword" id="confirmPassword">
    27|             </div>
 >> 28|             <input type="hidden" name="_csrf" value="<%= crsfToken %>" >
    29| 
    30| 
    31|             <button class="btn" type="submit">Signup</button>

crsfToken is not defined
    at eval (D:\E-commerce\views\auth\signup.ejs:25:26)
    at signup (D:\E-commerce\node_modules\ejs\lib\ejs.js:682:17)
    at tryHandleCache (D:\E-commerce\node_modules\ejs\lib\ejs.js:254:36)
    at exports.renderFile [as engine] (D:\E-commerce\node_modules\ejs\lib\ejs.js:485:10)
    at View.render (D:\E-commerce\node_modules\express\lib\view.js:135:8)
    at tryRender (D:\E-commerce\node_modules\express\lib\application.js:657:10)
    at Function.render (D:\E-commerce\node_modules\express\lib\application.js:609:3)
    at ServerResponse.render (D:\E-commerce\node_modules\express\lib\response.js:1049:7)
    at exports.getSignup (D:\E-commerce\controllers\auth.js:63:7)
    at Layer.handle [as handle_request] (D:\E-commerce\node_modules\express\lib\router\layer.js:95:5)
[2025-04-30T20:19:57.090Z] ::1 GET /css/main.css
[2025-04-30T20:19:57.140Z] ::1 GET /js/main.js
[2025-04-30T20:28:02.169Z] ::1 GET /signup
[2025-04-30T20:28:39.681Z] ::1 GET /
[2025-04-30T20:28:39.746Z] ::1 GET /css/main.css
[2025-04-30T20:28:39.812Z] ::1 GET /css/product.css
[2025-04-30T20:28:39.842Z] ::1 GET /js/main.js
[2025-04-30T20:28:42.513Z] ::1 GET /login
[2025-04-30T20:34:24.581Z] ::1 GET /login
[2025-04-30T20:34:24.651Z] ::1 GET /css/main.css
[2025-04-30T20:34:24.724Z] ::1 GET /css/forms.css
[2025-04-30T20:34:24.790Z] ::1 GET /css/auth.css
[2025-04-30T20:34:24.793Z] ::1 GET /js/main.js
[2025-04-30T20:34:27.574Z] ::1 GET /signup
[2025-04-30T20:34:27.715Z] ::1 GET /css/main.css
[2025-04-30T20:34:27.824Z] ::1 GET /css/forms.css
[2025-04-30T20:34:27.826Z] ::1 GET /css/auth.css
[2025-04-30T20:34:27.835Z] ::1 GET /js/main.js
[2025-04-30T20:34:30.537Z] ::1 GET /login
[2025-04-30T20:34:30.695Z] ::1 GET /css/main.css
[2025-04-30T20:34:30.699Z] ::1 GET /css/forms.css
[2025-04-30T20:34:30.706Z] ::1 GET /css/auth.css
[2025-04-30T20:34:30.709Z] ::1 GET /js/main.js
[2025-04-30T20:34:32.979Z] ::1 GET /products
[2025-04-30T20:34:33.124Z] ::1 GET /css/main.css
[2025-04-30T20:34:33.164Z] ::1 GET /css/product.css
[2025-04-30T20:34:33.167Z] ::1 GET /js/main.js
[2025-04-30T20:34:34.042Z] ::1 GET /
[2025-04-30T20:34:34.197Z] ::1 GET /css/main.css
[2025-04-30T20:34:34.200Z] ::1 GET /css/product.css
[2025-04-30T20:34:34.204Z] ::1 GET /js/main.js
[2025-05-01T01:09:04.265Z] 192.168.194.198 GET /
[2025-05-01T01:09:04.884Z] 192.168.194.198 GET /css/main.css
[2025-05-01T01:09:04.945Z] 192.168.194.198 GET /js/main.js
[2025-05-01T01:09:04.963Z] 192.168.194.198 GET /css/product.css
[2025-05-01T01:09:05.271Z] 192.168.194.198 GET /favicon.ico
[2025-05-01T15:02:27.323Z] 127.0.0.1 GET /add-product
[2025-05-01T15:02:27.460Z] 127.0.0.1 GET /css/main.css
[2025-05-01T15:02:27.495Z] 127.0.0.1 GET /js/main.js
[2025-05-01T15:02:27.536Z] 127.0.0.1 GET /favicon.ico
[2025-05-01T15:02:49.505Z] 127.0.0.1 GET /add-product/robots.txt
[2025-05-01T15:02:49.544Z] 127.0.0.1 GET /css/main.css
[2025-05-01T15:02:49.557Z] 127.0.0.1 GET /js/main.js
[2025-05-03T21:40:24.956Z] 127.0.0.1 GET /
[2025-05-03T21:40:25.238Z] 127.0.0.1 GET /css/main.css
[2025-05-03T21:40:25.265Z] 127.0.0.1 GET /css/product.css
[2025-05-03T21:40:25.268Z] 127.0.0.1 GET /js/main.js
[2025-05-03T21:40:25.322Z] 127.0.0.1 GET /favicon.ico
[2025-05-03T21:40:27.770Z] 127.0.0.1 GET /login
[2025-05-03T21:40:27.840Z] 127.0.0.1 GET /css/main.css
[2025-05-03T21:40:27.868Z] 127.0.0.1 GET /css/forms.css
[2025-05-03T21:40:27.882Z] 127.0.0.1 GET /css/auth.css
[2025-05-03T21:40:27.904Z] 127.0.0.1 GET /js/main.js
[2025-05-03T21:40:47.159Z] 127.0.0.1 GET /login
[2025-05-03T21:40:48.870Z] 127.0.0.1 GET /products
[2025-05-03T21:40:49.012Z] 127.0.0.1 GET /css/main.css
[2025-05-03T21:40:49.027Z] 127.0.0.1 GET /css/product.css
[2025-05-03T21:40:49.041Z] 127.0.0.1 GET /js/main.js
[2025-05-03T21:40:50.056Z] 127.0.0.1 GET /
[2025-05-03T21:40:50.194Z] 127.0.0.1 GET /css/main.css
[2025-05-03T21:40:50.206Z] 127.0.0.1 GET /css/product.css
[2025-05-03T21:40:50.218Z] 127.0.0.1 GET /js/main.js
[2025-05-03T21:40:51.847Z] 127.0.0.1 GET /login
[2025-05-03T21:40:51.981Z] 127.0.0.1 GET /css/main.css
[2025-05-03T21:40:52.005Z] 127.0.0.1 GET /css/forms.css
[2025-05-03T21:40:52.018Z] 127.0.0.1 GET /css/auth.css
[2025-05-03T21:40:52.027Z] 127.0.0.1 GET /js/main.js
[2025-05-03T21:40:52.829Z] 127.0.0.1 GET /signup
[2025-05-03T21:40:52.959Z] 127.0.0.1 GET /css/main.css
[2025-05-03T21:40:52.985Z] 127.0.0.1 GET /css/forms.css
[2025-05-03T21:40:53.011Z] 127.0.0.1 GET /css/auth.css
[2025-05-03T21:40:53.035Z] 127.0.0.1 GET /js/main.js
[2025-05-03T21:40:56.299Z] 127.0.0.1 GET /signup
[2025-05-03T21:40:56.380Z] 127.0.0.1 GET /css/main.css
[2025-05-03T21:40:56.409Z] 127.0.0.1 GET /css/forms.css
[2025-05-03T21:40:56.429Z] 127.0.0.1 GET /css/auth.css
[2025-05-03T21:40:56.449Z] 127.0.0.1 GET /js/main.js
[2025-05-03T21:42:54.352Z] 127.0.0.1 GET /signup
[2025-05-03T21:42:58.053Z] 127.0.0.1 GET /signup
[2025-05-03T21:42:58.132Z] 127.0.0.1 GET /css/main.css
[2025-05-03T21:42:58.164Z] 127.0.0.1 GET /css/forms.css
[2025-05-03T21:42:58.170Z] 127.0.0.1 GET /css/auth.css
[2025-05-03T21:42:58.238Z] 127.0.0.1 GET /js/main.js
[2025-05-03T21:50:13.599Z] 127.0.0.1 GET /signup
[2025-05-03T21:50:13.759Z] 127.0.0.1 GET /css/main.css
[2025-05-03T21:52:40.785Z] 127.0.0.1 GET /signup
[2025-05-03T21:52:41.865Z] 127.0.0.1 GET /login
[2025-05-03T21:52:43.148Z] 127.0.0.1 GET /
[2025-05-03T21:52:43.300Z] 127.0.0.1 GET /css/main.css
[2025-05-03T21:52:43.319Z] 127.0.0.1 GET /css/product.css
[2025-05-03T21:52:43.342Z] 127.0.0.1 GET /js/main.js
[2025-05-03T21:52:44.118Z] 127.0.0.1 GET /products
[2025-05-03T21:52:44.245Z] 127.0.0.1 GET /css/main.css
[2025-05-03T21:52:44.256Z] 127.0.0.1 GET /css/product.css
[2025-05-03T21:52:44.268Z] 127.0.0.1 GET /js/main.js
[2025-05-03T21:52:45.646Z] 127.0.0.1 GET /login
[2025-05-03T21:52:45.754Z] 127.0.0.1 GET /css/main.css
[2025-05-03T21:52:45.781Z] 127.0.0.1 GET /css/forms.css
[2025-05-03T21:52:45.804Z] 127.0.0.1 GET /css/auth.css
[2025-05-03T21:52:45.817Z] 127.0.0.1 GET /js/main.js
[2025-05-03T21:52:46.850Z] 127.0.0.1 GET /signup
[2025-05-03T21:52:46.912Z] 127.0.0.1 GET /css/main.css
[2025-05-03T21:52:46.927Z] 127.0.0.1 GET /css/forms.css
[2025-05-03T21:52:46.941Z] 127.0.0.1 GET /css/auth.css
[2025-05-03T21:52:46.955Z] 127.0.0.1 GET /js/main.js
[2025-05-03T21:52:48.756Z] 127.0.0.1 GET /login
[2025-05-03T21:52:48.852Z] 127.0.0.1 GET /css/main.css
[2025-05-03T21:52:48.866Z] 127.0.0.1 GET /css/forms.css
[2025-05-03T21:52:48.878Z] 127.0.0.1 GET /css/auth.css
[2025-05-03T21:52:48.889Z] 127.0.0.1 GET /js/main.js
[2025-05-03T21:59:46.990Z] 127.0.0.1 GET /login
[2025-05-03T22:00:35.549Z] 127.0.0.1 GET /
[2025-05-03T22:00:35.853Z] 127.0.0.1 GET /css/main.css
[2025-05-03T22:00:35.859Z] 127.0.0.1 GET /css/product.css
[2025-05-03T22:00:35.942Z] 127.0.0.1 GET /js/main.js
[2025-05-03T22:00:37.958Z] 127.0.0.1 GET /products
[2025-05-03T22:00:38.123Z] 127.0.0.1 GET /css/main.css
[2025-05-03T22:00:38.130Z] 127.0.0.1 GET /css/product.css
[2025-05-03T22:00:38.159Z] 127.0.0.1 GET /js/main.js
[2025-05-03T22:00:39.440Z] 127.0.0.1 GET /login
[2025-05-03T22:01:30.772Z] 127.0.0.1 GET /login
[2025-05-03T22:01:44.912Z] 127.0.0.1 GET /login
[2025-05-03T22:02:57.547Z] 127.0.0.1 GET /
[2025-05-03T22:02:57.891Z] 127.0.0.1 GET /css/main.css
[2025-05-03T22:02:57.900Z] 127.0.0.1 GET /css/product.css
[2025-05-03T22:02:57.998Z] 127.0.0.1 GET /js/main.js
[2025-05-03T22:02:58.088Z] 127.0.0.1 GET /favicon.ico
[2025-05-03T22:02:59.481Z] 127.0.0.1 GET /login
[2025-05-03T22:02:59.638Z] 127.0.0.1 GET /css/main.css
[2025-05-03T22:02:59.644Z] 127.0.0.1 GET /css/forms.css
[2025-05-03T22:02:59.689Z] 127.0.0.1 GET /css/auth.css
[2025-05-03T22:02:59.692Z] 127.0.0.1 GET /js/main.js
[2025-05-03T22:10:08.153Z] 127.0.0.1 GET /login
[2025-05-03T22:10:09.743Z] 127.0.0.1 GET /signup
[2025-05-03T22:10:20.224Z] 127.0.0.1 GET /signup
[2025-05-03T22:10:23.595Z] 127.0.0.1 GET /signup
[2025-05-03T22:11:22.619Z] 127.0.0.1 GET /signup
[2025-05-03T22:11:22.717Z] 127.0.0.1 GET /css/main.css
[2025-05-03T22:11:22.755Z] 127.0.0.1 GET /css/forms.css
[2025-05-03T22:11:22.773Z] 127.0.0.1 GET /css/auth.css
[2025-05-03T22:11:22.858Z] 127.0.0.1 GET /js/main.js
[2025-05-03T22:13:17.320Z] 127.0.0.1 GET /signup
[2025-05-03T22:17:45.342Z] 127.0.0.1 GET /signup
[2025-05-03T22:17:47.499Z] 127.0.0.1 GET /login
[2025-05-03T22:17:47.620Z] 127.0.0.1 GET /css/main.css
[2025-05-03T22:17:47.623Z] 127.0.0.1 GET /css/forms.css
[2025-05-03T22:17:47.659Z] 127.0.0.1 GET /css/auth.css
[2025-05-03T22:17:47.661Z] 127.0.0.1 GET /js/main.js
[2025-05-03T22:18:00.820Z] 127.0.0.1 GET /login
[2025-05-03T22:18:00.913Z] 127.0.0.1 GET /css/main.css
[2025-05-03T22:18:00.942Z] 127.0.0.1 GET /css/forms.css
[2025-05-03T22:18:01.014Z] 127.0.0.1 GET /css/auth.css
[2025-05-03T22:18:01.096Z] 127.0.0.1 GET /js/main.js
[2025-05-03T22:18:07.105Z] 127.0.0.1 GET /
[2025-05-03T22:18:07.183Z] 127.0.0.1 GET /css/main.css
[2025-05-03T22:18:07.209Z] 127.0.0.1 GET /css/product.css
[2025-05-03T22:18:07.230Z] 127.0.0.1 GET /js/main.js
[2025-05-03T22:18:10.216Z] 127.0.0.1 GET /login
[2025-05-03T22:18:10.335Z] 127.0.0.1 GET /css/main.css
[2025-05-03T22:18:10.349Z] 127.0.0.1 GET /css/forms.css
[2025-05-03T22:18:10.359Z] 127.0.0.1 GET /css/auth.css
[2025-05-03T22:18:10.374Z] 127.0.0.1 GET /js/main.js
[2025-05-03T22:23:33.790Z] 127.0.0.1 GET / Guest
[2025-05-03T22:23:34.100Z] 127.0.0.1 GET /css/main.css Guest
[2025-05-03T22:23:34.130Z] 127.0.0.1 GET /css/product.css Guest
[2025-05-03T22:23:34.161Z] 127.0.0.1 GET /js/main.js Guest
[2025-05-03T22:23:37.309Z] 127.0.0.1 GET /products Guest
[2025-05-03T22:23:37.472Z] 127.0.0.1 GET /css/main.css Guest
[2025-05-03T22:23:37.476Z] 127.0.0.1 GET /css/product.css Guest
[2025-05-03T22:23:37.500Z] 127.0.0.1 GET /js/main.js Guest
[2025-05-03T22:23:40.359Z] 127.0.0.1 GET /login Guest
[ERROR] [2025-05-03T22:23:40.422Z] ReferenceError: D:\E-commerce\views\auth\login.ejs:25
    23|                 <input type="password" name="password" id="password">
    24|             </div>
 >> 25|             <input type="hidden" name="_csrf" value="<%= crsfToken %>" >
    26| 
    27|             <button class="btn" type="submit">Login</button>
    28|         </form>

crsfToken is not defined
    at eval (D:\E-commerce\views\auth\login.ejs:25:26)
    at login (D:\E-commerce\node_modules\ejs\lib\ejs.js:682:17)
    at tryHandleCache (D:\E-commerce\node_modules\ejs\lib\ejs.js:254:36)
    at exports.renderFile [as engine] (D:\E-commerce\node_modules\ejs\lib\ejs.js:485:10)
    at View.render (D:\E-commerce\node_modules\express\lib\view.js:135:8)
    at tryRender (D:\E-commerce\node_modules\express\lib\application.js:657:10)
    at Function.render (D:\E-commerce\node_modules\express\lib\application.js:609:3)
    at ServerResponse.render (D:\E-commerce\node_modules\express\lib\response.js:1049:7)
    at exports.getLogin (D:\E-commerce\controllers\auth.js:12:7)
    at Layer.handle [as handle_request] (D:\E-commerce\node_modules\express\lib\router\layer.js:95:5)
[2025-05-03T22:23:40.521Z] 127.0.0.1 GET /css/main.css Guest
[2025-05-03T22:23:40.537Z] 127.0.0.1 GET /js/main.js Guest
[2025-05-03T22:23:42.533Z] 127.0.0.1 GET /signup Guest
[ERROR] [2025-05-03T22:23:42.550Z] ReferenceError: D:\E-commerce\views\auth\signup.ejs:28
    26|                 <input type="password" name="confirmPassword" id="confirmPassword">
    27|             </div>
 >> 28|             <input type="hidden" name="_csrf" value="<%= crsfToken %>" >
    29| 
    30| 
    31|             <button class="btn" type="submit">Signup</button>

crsfToken is not defined
    at eval (D:\E-commerce\views\auth\signup.ejs:25:26)
    at signup (D:\E-commerce\node_modules\ejs\lib\ejs.js:682:17)
    at tryHandleCache (D:\E-commerce\node_modules\ejs\lib\ejs.js:254:36)
    at exports.renderFile [as engine] (D:\E-commerce\node_modules\ejs\lib\ejs.js:485:10)
    at View.render (D:\E-commerce\node_modules\express\lib\view.js:135:8)
    at tryRender (D:\E-commerce\node_modules\express\lib\application.js:657:10)
    at Function.render (D:\E-commerce\node_modules\express\lib\application.js:609:3)
    at ServerResponse.render (D:\E-commerce\node_modules\express\lib\response.js:1049:7)
    at exports.getSignup (D:\E-commerce\controllers\auth.js:63:7)
    at Layer.handle [as handle_request] (D:\E-commerce\node_modules\express\lib\router\layer.js:95:5)
[2025-05-03T22:23:42.627Z] 127.0.0.1 GET /css/main.css Guest
[2025-05-03T22:23:42.649Z] 127.0.0.1 GET /js/main.js Guest
[2025-05-03T22:24:40.747Z] 127.0.0.1 GET /signup
[2025-05-03T22:24:40.896Z] 127.0.0.1 GET /css/main.css
[2025-05-03T22:24:40.948Z] 127.0.0.1 GET /css/forms.css
[2025-05-03T22:24:40.954Z] 127.0.0.1 GET /css/auth.css
[2025-05-03T22:24:41.035Z] 127.0.0.1 GET /js/main.js
[2025-05-03T22:35:14.019Z] 127.0.0.1 GET /signup
[2025-05-03T22:35:14.185Z] 127.0.0.1 GET /css/main.css
[2025-05-03T22:35:14.278Z] 127.0.0.1 GET /css/forms.css
[2025-05-03T22:35:14.351Z] 127.0.0.1 GET /css/auth.css
[2025-05-03T22:35:14.392Z] 127.0.0.1 GET /js/main.js
[2025-05-03T22:35:16.073Z] 127.0.0.1 GET /login
[2025-05-03T22:35:16.207Z] 127.0.0.1 GET /css/main.css
[2025-05-03T22:35:16.210Z] 127.0.0.1 GET /css/forms.css
[2025-05-03T22:35:16.239Z] 127.0.0.1 GET /css/auth.css
[2025-05-03T22:35:16.241Z] 127.0.0.1 GET /js/main.js
[2025-05-03T22:35:17.225Z] 127.0.0.1 GET /signup
[2025-05-03T22:35:17.320Z] 127.0.0.1 GET /css/main.css
[2025-05-03T22:35:17.337Z] 127.0.0.1 GET /css/forms.css
[2025-05-03T22:35:17.338Z] 127.0.0.1 GET /css/auth.css
[2025-05-03T22:35:17.357Z] 127.0.0.1 GET /js/main.js
[2025-05-03T22:38:54.031Z] 127.0.0.1 GET /
[2025-05-03T22:39:36.194Z] 127.0.0.1 GET /
[2025-05-03T22:39:36.378Z] 127.0.0.1 GET /css/main.css
[2025-05-03T22:39:36.384Z] 127.0.0.1 GET /css/product.css
[2025-05-03T22:39:36.475Z] 127.0.0.1 GET /js/main.js
[2025-05-03T22:39:38.658Z] 127.0.0.1 GET /login
[2025-05-03T22:39:45.863Z] 127.0.0.1 GET /signup
[2025-05-03T22:40:11.891Z] 127.0.0.1 GET /signup
[2025-05-03T22:40:12.084Z] 127.0.0.1 GET /css/main.css
[2025-05-03T22:40:12.110Z] 127.0.0.1 GET /css/forms.css
[2025-05-03T22:40:12.148Z] 127.0.0.1 GET /css/auth.css
[2025-05-03T22:40:12.164Z] 127.0.0.1 GET /js/main.js
[2025-05-03T22:40:20.147Z] 127.0.0.1 GET /
[2025-05-03T22:40:20.293Z] 127.0.0.1 GET /css/main.css
[2025-05-03T22:40:20.335Z] 127.0.0.1 GET /css/product.css
[2025-05-03T22:40:20.339Z] 127.0.0.1 GET /js/main.js
[2025-05-03T22:40:24.388Z] 127.0.0.1 GET /login
[2025-05-03T22:40:24.542Z] 127.0.0.1 GET /css/main.css
[2025-05-03T22:40:24.550Z] 127.0.0.1 GET /css/forms.css
[2025-05-03T22:40:24.587Z] 127.0.0.1 GET /css/auth.css
[2025-05-03T22:40:24.589Z] 127.0.0.1 GET /js/main.js
[2025-05-03T22:40:28.276Z] 127.0.0.1 GET /
[2025-05-03T22:40:28.431Z] 127.0.0.1 GET /css/main.css
[2025-05-03T22:40:28.433Z] 127.0.0.1 GET /css/product.css
[2025-05-03T22:40:28.459Z] 127.0.0.1 GET /js/main.js
[2025-05-03T22:40:32.644Z] 127.0.0.1 GET /signup
[2025-05-03T22:40:32.778Z] 127.0.0.1 GET /css/main.css
[2025-05-03T22:40:32.792Z] 127.0.0.1 GET /css/forms.css
[2025-05-03T22:40:32.803Z] 127.0.0.1 GET /css/auth.css
[2025-05-03T22:40:32.815Z] 127.0.0.1 GET /js/main.js
[2025-05-03T22:40:35.547Z] 127.0.0.1 GET /
[2025-05-03T22:40:35.685Z] 127.0.0.1 GET /css/main.css
[2025-05-03T22:40:35.707Z] 127.0.0.1 GET /css/product.css
[2025-05-03T22:40:35.709Z] 127.0.0.1 GET /js/main.js
[2025-05-03T22:40:43.282Z] 127.0.0.1 GET /signup
[2025-05-03T22:40:43.420Z] 127.0.0.1 GET /css/main.css
[2025-05-03T22:40:43.464Z] 127.0.0.1 GET /css/forms.css
[2025-05-03T22:40:43.467Z] 127.0.0.1 GET /css/auth.css
[2025-05-03T22:40:43.514Z] 127.0.0.1 GET /js/main.js
[2025-05-03T22:40:47.419Z] 127.0.0.1 GET /
[2025-05-03T22:40:47.530Z] 127.0.0.1 GET /css/main.css
[2025-05-03T22:40:47.533Z] 127.0.0.1 GET /css/product.css
[2025-05-03T22:40:47.559Z] 127.0.0.1 GET /js/main.js
[2025-05-03T22:40:48.992Z] 127.0.0.1 GET /signup
[2025-05-03T22:40:49.106Z] 127.0.0.1 GET /css/main.css
[2025-05-03T22:40:49.120Z] 127.0.0.1 GET /css/forms.css
[2025-05-03T22:40:49.129Z] 127.0.0.1 GET /css/auth.css
[2025-05-03T22:40:49.146Z] 127.0.0.1 GET /js/main.js
[2025-05-03T22:40:57.135Z] 127.0.0.1 GET /
[2025-05-03T22:40:57.261Z] 127.0.0.1 GET /css/main.css
[2025-05-03T22:40:57.286Z] 127.0.0.1 GET /css/product.css
[2025-05-03T22:40:57.317Z] 127.0.0.1 GET /js/main.js
[2025-05-03T22:40:59.719Z] 127.0.0.1 GET /products
[2025-05-03T22:40:59.855Z] 127.0.0.1 GET /css/main.css
[2025-05-03T22:40:59.867Z] 127.0.0.1 GET /css/product.css
[2025-05-03T22:40:59.901Z] 127.0.0.1 GET /js/main.js
[2025-05-03T22:41:01.769Z] 127.0.0.1 GET /login
[2025-05-03T22:41:01.901Z] 127.0.0.1 GET /css/main.css
[2025-05-03T22:41:01.912Z] 127.0.0.1 GET /css/forms.css
[2025-05-03T22:41:01.932Z] 127.0.0.1 GET /css/auth.css
[2025-05-03T22:41:01.951Z] 127.0.0.1 GET /js/main.js
[2025-05-03T22:41:02.929Z] 127.0.0.1 GET /signup
[2025-05-03T22:41:03.070Z] 127.0.0.1 GET /css/main.css
[2025-05-03T22:41:03.079Z] 127.0.0.1 GET /css/forms.css
[2025-05-03T22:41:03.095Z] 127.0.0.1 GET /css/auth.css
[2025-05-03T22:41:03.097Z] 127.0.0.1 GET /js/main.js
[2025-05-03T22:41:07.232Z] 127.0.0.1 GET /
[2025-05-03T22:41:07.347Z] 127.0.0.1 GET /css/main.css
[2025-05-03T22:41:07.357Z] 127.0.0.1 GET /css/product.css
[2025-05-03T22:41:07.368Z] 127.0.0.1 GET /js/main.js
[2025-05-03T22:41:34.463Z] 127.0.0.1 GET /
[2025-05-03T22:41:34.645Z] 127.0.0.1 GET /css/main.css
[2025-05-03T22:41:34.652Z] 127.0.0.1 GET /css/product.css
[2025-05-03T22:41:34.706Z] 127.0.0.1 GET /js/main.js
[2025-05-03T22:41:36.330Z] 127.0.0.1 GET /login
[2025-05-03T22:41:36.446Z] 127.0.0.1 GET /css/main.css
[2025-05-03T22:41:36.473Z] 127.0.0.1 GET /css/forms.css
[2025-05-03T22:41:36.477Z] 127.0.0.1 GET /css/auth.css
[2025-05-03T22:41:36.497Z] 127.0.0.1 GET /js/main.js
[2025-05-03T22:41:39.922Z] 127.0.0.1 GET /
[2025-05-03T22:41:40.061Z] 127.0.0.1 GET /css/main.css
[2025-05-03T22:41:40.080Z] 127.0.0.1 GET /css/product.css
[2025-05-03T22:41:40.093Z] 127.0.0.1 GET /js/main.js
[2025-05-03T22:41:42.833Z] 127.0.0.1 GET /login
[2025-05-03T22:41:42.975Z] 127.0.0.1 GET /css/main.css
[2025-05-03T22:41:43.001Z] 127.0.0.1 GET /css/forms.css
[2025-05-03T22:41:43.003Z] 127.0.0.1 GET /css/auth.css
[2025-05-03T22:41:43.021Z] 127.0.0.1 GET /js/main.js
[2025-05-03T22:41:45.753Z] 127.0.0.1 GET /
[2025-05-03T22:41:45.879Z] 127.0.0.1 GET /css/main.css
[2025-05-03T22:41:45.926Z] 127.0.0.1 GET /css/product.css
[2025-05-03T22:41:45.928Z] 127.0.0.1 GET /js/main.js
[2025-05-03T22:41:47.386Z] 127.0.0.1 GET /login
[2025-05-03T22:41:47.526Z] 127.0.0.1 GET /css/main.css
[2025-05-03T22:41:47.547Z] 127.0.0.1 GET /css/forms.css
[2025-05-03T22:41:47.565Z] 127.0.0.1 GET /css/auth.css
[2025-05-03T22:41:47.579Z] 127.0.0.1 GET /js/main.js
[2025-05-03T22:42:02.605Z] 127.0.0.1 GET /
[2025-05-03T22:42:02.725Z] 127.0.0.1 GET /css/main.css
[2025-05-03T22:42:02.772Z] 127.0.0.1 GET /css/product.css
[2025-05-03T22:42:02.793Z] 127.0.0.1 GET /js/main.js
[2025-05-03T22:43:12.128Z] 127.0.0.1 GET /login
[2025-05-03T22:43:12.283Z] 127.0.0.1 GET /css/main.css
[2025-05-03T22:43:12.307Z] 127.0.0.1 GET /css/forms.css
[2025-05-03T22:43:12.325Z] 127.0.0.1 GET /css/auth.css
[2025-05-03T22:43:12.353Z] 127.0.0.1 GET /js/main.js
[2025-05-03T22:46:17.929Z] 127.0.0.1 GET /login
[2025-05-03T22:46:20.073Z] 127.0.0.1 GET /products
[2025-05-03T22:46:20.216Z] 127.0.0.1 GET /css/main.css
[2025-05-03T22:46:20.246Z] 127.0.0.1 GET /css/product.css
[2025-05-03T22:46:20.258Z] 127.0.0.1 GET /js/main.js
[2025-05-03T22:46:20.787Z] 127.0.0.1 GET /
[2025-05-03T22:46:20.908Z] 127.0.0.1 GET /css/main.css
[2025-05-03T22:46:20.916Z] 127.0.0.1 GET /css/product.css
[2025-05-03T22:46:20.934Z] 127.0.0.1 GET /js/main.js
[2025-05-03T22:46:22.162Z] 127.0.0.1 GET /login
[2025-05-03T22:46:22.286Z] 127.0.0.1 GET /css/main.css
[2025-05-03T22:46:22.298Z] 127.0.0.1 GET /css/forms.css
[2025-05-03T22:46:22.309Z] 127.0.0.1 GET /css/auth.css
[2025-05-03T22:46:22.322Z] 127.0.0.1 GET /js/main.js
[2025-05-03T22:46:22.980Z] 127.0.0.1 GET /signup
[2025-05-03T22:46:23.106Z] 127.0.0.1 GET /css/main.css
[2025-05-03T22:46:23.130Z] 127.0.0.1 GET /css/forms.css
[2025-05-03T22:46:23.131Z] 127.0.0.1 GET /css/auth.css
[2025-05-03T22:46:23.145Z] 127.0.0.1 GET /js/main.js
[2025-05-03T23:04:51.898Z] 127.0.0.1 GET /signup
[2025-05-03T23:04:51.943Z] 127.0.0.1 GET /css/main.css
[2025-05-03T23:04:51.958Z] 127.0.0.1 GET /css/forms.css
[2025-05-03T23:04:51.964Z] 127.0.0.1 GET /css/auth.css
[2025-05-03T23:04:51.974Z] 127.0.0.1 GET /js/main.js
[2025-05-03T23:04:53.229Z] 127.0.0.1 GET /signup
[2025-05-03T23:04:53.260Z] 127.0.0.1 GET /css/main.css
[2025-05-03T23:04:53.261Z] 127.0.0.1 GET /css/forms.css
[2025-05-03T23:04:53.276Z] 127.0.0.1 GET /css/auth.css
[2025-05-03T23:04:53.277Z] 127.0.0.1 GET /js/main.js
[2025-05-03T23:07:12.057Z] 127.0.0.1 GET /signup
